<?xml version="1.0" encoding="UTF-8"?>
<!-- Generated by org.testng.reporters.JUnitReportReporter -->
<testsuite hostname="DESKTOP-D7HJFR9" failures="0" tests="1" name="testPackage.AddToCartTest" time="4.933" errors="0" timestamp="2025-06-07T17:30:53 IST" skipped="0">
  <testcase classname="testPackage.AddToCartTest" name="addToCartTC_001" time="4.933">
    <system-out>
      <![CDATA[Product is Added To Cart !!!]]>
    </system-out>
  </testcase> <!-- addToCartTC_001 -->
  <system-out>
    <![CDATA[Product is Added To Cart !!!]]>
  </system-out>
</testsuite> <!-- testPackage.AddToCartTest -->
