<?xml version="1.0" encoding="UTF-8"?>
<!-- Generated by org.testng.reporters.JUnitReportReporter -->
<testsuite hostname="DESKTOP-D7HJFR9" failures="0" tests="1" name="testPackage.RemoveProductFromCartTest" time="11.622" errors="0" timestamp="2025-06-05T19:26:20 IST" skipped="0">
  <testcase classname="testPackage.RemoveProductFromCartTest" name="removeProduct" time="11.622">
    <system-out>
      <![CDATA[[TestCase --removeProduct Started]
[TestCase --removeProduct Successfully Executed]]]>
    </system-out>
  </testcase> <!-- removeProduct -->
  <system-out>
    <![CDATA[[<test> --Default test Started the Execution]
[TestCase --removeProduct Started]
[TestCase --removeProduct Successfully Executed]]]>
  </system-out>
</testsuite> <!-- testPackage.RemoveProductFromCartTest -->
