<?xml version="1.0" encoding="UTF-8"?>
<!-- Generated by org.testng.reporters.JUnitReportReporter -->
<testsuite hostname="DESKTOP-D7HJFR9" failures="0" tests="2" name="testNGCars.AstonMartinTC" time="58.508" errors="0" timestamp="2025-06-02T16:56:12 IST" skipped="0">
  <testcase classname="testNGCars.AstonMartinTC" name="astonMartin" time="7.842"/>
  <testcase classname="testNGCars.AstonMartinTC" name="astonMartin" time="50.666"/>
</testsuite> <!-- testNGCars.AstonMartinTC -->
