<?xml version="1.0" encoding="UTF-8"?>
<!-- Generated by org.testng.reporters.JUnitReportReporter -->
<testsuite hostname="DESKTOP-D7HJFR9" failures="0" tests="3" name="testNGAnotations.ConfigurationAnotations" time="0.026" errors="0" timestamp="2025-05-28T19:41:01 IST" skipped="0">
  <testcase classname="testNGAnotations.ConfigurationAnotations" name="testMethod1" time="0.018">
    <system-out>
      <![CDATA[This is Test Method 1]]>
    </system-out>
  </testcase> <!-- testMethod1 -->
  <testcase classname="testNGAnotations.ConfigurationAnotations" name="testMethod3" time="0.004">
    <system-out>
      <![CDATA[This is Test Method 3]]>
    </system-out>
  </testcase> <!-- testMethod3 -->
  <testcase classname="testNGAnotations.ConfigurationAnotations" name="testMethod2" time="0.004">
    <system-out>
      <![CDATA[This is Test Method 2]]>
    </system-out>
  </testcase> <!-- testMethod2 -->
  <system-out>
    <![CDATA[This is Before Suite
This is Before Test
This is Before Class
This is Before Method
This is Test Method 1
This is After Method
This is Before Method
This is Test Method 2
This is After Method
This is Before Method
This is Test Method 3
This is After Method
This is After Class
This is After Test
This is After Suite]]>
  </system-out>
</testsuite> <!-- testNGAnotations.ConfigurationAnotations -->
