<?xml version="1.0" encoding="UTF-8"?>
<!-- Generated by org.testng.reporters.JUnitReportReporter -->
<testsuite hostname="DESKTOP-D7HJFR9" failures="0" tests="2" name="testNGHelperAttributes.EnabledHelperAttribute" time="35.159" errors="0" timestamp="2025-05-23T20:10:22 IST" skipped="1">
  <testcase classname="testNGHelperAttributes.EnabledHelperAttribute" name="launchFacebook" time="35.159">
    <system-out>
      <![CDATA[Facebook is Launched !!]]>
    </system-out>
  </testcase> <!-- launchFacebook -->
  <testcase classname="testNGHelperAttributes.EnabledHelperAttribute" name="launchInstagram">
    <skipped/>
  </testcase> <!-- launchInstagram -->
  <system-out>
    <![CDATA[Facebook is Launched !!]]>
  </system-out>
</testsuite> <!-- testNGHelperAttributes.EnabledHelperAttribute -->
