<?xml version="1.0" encoding="UTF-8"?>
<!-- Generated by org.testng.reporters.JUnitReportReporter -->
<testsuite hostname="DESKTOP-D7HJFR9" failures="0" tests="3" name="testNGHelperAttributes.InvocationCountAttribute" time="0.020" errors="0" timestamp="2025-05-23T19:09:19 IST" skipped="0">
  <testcase classname="testNGHelperAttributes.InvocationCountAttribute" name="addToCart" time="0.003">
    <system-out>
      <![CDATA[This is AddToCart Method]]>
    </system-out>
  </testcase> <!-- addToCart -->
  <testcase classname="testNGHelperAttributes.InvocationCountAttribute" name="addToCart" time="0.011">
    <system-out>
      <![CDATA[This is AddToCart Method]]>
    </system-out>
  </testcase> <!-- addToCart -->
  <testcase classname="testNGHelperAttributes.InvocationCountAttribute" name="register" time="0.006">
    <system-out>
      <![CDATA[This is Register Method]]>
    </system-out>
  </testcase> <!-- register -->
  <system-out>
    <![CDATA[This is AddToCart Method
This is AddToCart Method
This is Register Method]]>
  </system-out>
</testsuite> <!-- testNGHelperAttributes.InvocationCountAttribute -->
