<?xml version="1.0" encoding="UTF-8"?>
<!-- Generated by org.testng.reporters.JUnitReportReporter -->
<testsuite hostname="DESKTOP-D7HJFR9" failures="0" tests="1" name="testNGAssertions.ToUnderstandHardAssert" time="25.844" errors="0" timestamp="2025-06-02T19:42:14 IST" skipped="0">
  <testcase classname="testNGAssertions.ToUnderstandHardAssert" name="verifyElectonicsPageDisplayed" time="25.844"/>
</testsuite> <!-- testNGAssertions.ToUnderstandHardAssert -->
