<?xml version="1.0" encoding="UTF-8"?>
<!-- Generated by org.testng.reporters.JUnitReportReporter -->
<testsuite hostname="DESKTOP-D7HJFR9" failures="0" tests="1" name="testNGCars.mercedesTC" time="4.051" errors="0" timestamp="2025-06-02T16:57:11 IST" skipped="0">
  <testcase classname="testNGCars.mercedesTC" name="mercedes" time="4.051"/>
</testsuite> <!-- testNGCars.mercedesTC -->
