<?xml version="1.0" encoding="UTF-8"?>
<!-- Generated by org.testng.reporters.JUnitReportReporter -->
<testsuite hostname="DESKTOP-D7HJFR9" failures="0" tests="3" name="testNGHelperAttributes.PriorityHelperAttribute" time="0.023" errors="0" timestamp="2025-05-23T19:26:19 IST" skipped="0">
  <testcase classname="testNGHelperAttributes.PriorityHelperAttribute" name="register" time="0.015">
    <system-out>
      <![CDATA[This is Register Method]]>
    </system-out>
  </testcase> <!-- register -->
  <testcase classname="testNGHelperAttributes.PriorityHelperAttribute" name="lgoin" time="0.004">
    <system-out>
      <![CDATA[This is Login Method]]>
    </system-out>
  </testcase> <!-- lgoin -->
  <testcase classname="testNGHelperAttributes.PriorityHelperAttribute" name="addToCart" time="0.004">
    <system-out>
      <![CDATA[This is AddToCart Method]]>
    </system-out>
  </testcase> <!-- addToCart -->
  <system-out>
    <![CDATA[This is Register Method
This is Login Method
This is AddToCart Method]]>
  </system-out>
</testsuite> <!-- testNGHelperAttributes.PriorityHelperAttribute -->
