<?xml version="1.0" encoding="UTF-8"?>
<!-- Generated by org.testng.reporters.JUnitReportReporter -->
<testsuite hostname="DESKTOP-D7HJFR9" failures="0" tests="1" name="testNGCars.bmwTC" time="6.425" errors="0" timestamp="2025-06-02T16:57:11 IST" skipped="0">
  <testcase classname="testNGCars.bmwTC" name="bmw" time="6.425"/>
</testsuite> <!-- testNGCars.bmwTC -->
