<?xml version="1.0" encoding="UTF-8"?>
<!-- Generated by org.testng.reporters.JUnitReportReporter -->
<testsuite hostname="DESKTOP-D7HJFR9" failures="0" tests="1" name="testNGFrameWork.RemoveProductFromCart" time="14.336" errors="0" timestamp="2025-05-29T19:02:08 IST" skipped="0">
  <testcase classname="testNGFrameWork.RemoveProductFromCart" name="removeProduct" time="14.336"/>
</testsuite> <!-- testNGFrameWork.RemoveProductFromCart -->
